Using pre-set license
Built from '2020.3/staging' branch; Version is '2020.3.13f1 (71691879b7f5) revision 7432472'; Using compiler version '192528614'; Build Type 'Release'
OS: 'Windows 10 Pro; OS build 19042.1110; Version 2009; 64bit' Language: 'en' Physical Memory: 16334 MB
BatchMode: 1, IsHumanControllingUs: 0, StartBugReporterOnCrash: 0, Is64bit: 1, IsPro: 0

 COMMAND LINE ARGUMENTS:
C:\Program Files\Unity\Hub\Editor\2020.3.13f1\Editor\Unity.exe
-adb2
-batchMode
-noUpm
-name
AssetImportWorker0
-projectPath
C:/Users/nicol/AppData/Local/GitHubDesktop/app-2.9.0/FPS-Prototype/FPS Prototype
-logFile
Logs/AssetImportWorker0.log
-srvPort
59474
Successfully changed project path to: C:/Users/nicol/AppData/Local/GitHubDesktop/app-2.9.0/FPS-Prototype/FPS Prototype
C:/Users/nicol/AppData/Local/GitHubDesktop/app-2.9.0/FPS-Prototype/FPS Prototype
Using Asset Import Pipeline V2.
Refreshing native plugins compatible for Editor in 46.76 ms, found 2 plugins.
Preloading 0 native plugins for Editor in 0.00 ms.
Initialize engine version: 2020.3.13f1 (71691879b7f5)
[Subsystems] Discovering subsystems at path C:/Program Files/Unity/Hub/Editor/2020.3.13f1/Editor/Data/Resources/UnitySubsystems
[Subsystems] Discovering subsystems at path C:/Users/nicol/AppData/Local/GitHubDesktop/app-2.9.0/FPS-Prototype/FPS Prototype/Assets
GfxDevice: creating device client; threaded=0
Direct3D:
    Version:  Direct3D 11.0 [level 11.1]
    Renderer: NVIDIA GeForce GTX 1060 6GB (ID=0x1c03)
    Vendor:   
    VRAM:     6052 MB
    Driver:   30.0.14.7111
Initialize mono
Mono path[0] = 'C:/Program Files/Unity/Hub/Editor/2020.3.13f1/Editor/Data/Managed'
Mono path[1] = 'C:/Program Files/Unity/Hub/Editor/2020.3.13f1/Editor/Data/MonoBleedingEdge/lib/mono/unityjit'
Mono config path = 'C:/Program Files/Unity/Hub/Editor/2020.3.13f1/Editor/Data/MonoBleedingEdge/etc'
Using monoOptions --debugger-agent=transport=dt_socket,embedding=1,server=y,suspend=n,address=127.0.0.1:56068
Begin MonoManager ReloadAssembly
Registering precompiled unity dll's ...
Register platform support module: C:/Program Files/Unity/Hub/Editor/2020.3.13f1/Editor/Data/PlaybackEngines/WebGLSupport/UnityEditor.WebGL.Extensions.dll
Register platform support module: C:/Program Files/Unity/Hub/Editor/2020.3.13f1/Editor/Data/PlaybackEngines/WindowsStandaloneSupport/UnityEditor.WindowsStandalone.Extensions.dll
Registered in 0.001822 seconds.
Native extension for WindowsStandalone target not found
Native extension for WebGL target not found
Refreshing native plugins compatible for Editor in 47.22 ms, found 2 plugins.
Preloading 0 native plugins for Editor in 0.00 ms.
Mono: successfully reloaded assembly
- Completed reload, in  0.925 seconds
Platform modules already initialized, skipping
Registering precompiled user dll's ...
Registered in 0.003292 seconds.
Begin MonoManager ReloadAssembly
Native extension for WindowsStandalone target not found
Native extension for WebGL target not found
Refreshing native plugins compatible for Editor in 0.55 ms, found 2 plugins.
Preloading 0 native plugins for Editor in 0.00 ms.
Mono: successfully reloaded assembly
- Completed reload, in  0.886 seconds
Platform modules already initialized, skipping
========================================================================
Worker process is ready to serve import requests
Launched and connected shader compiler UnityShaderCompiler.exe after 0.03 seconds
Refreshing native plugins compatible for Editor in 0.55 ms, found 2 plugins.
Preloading 0 native plugins for Editor in 0.00 ms.
Unloading 2084 Unused Serialized files (Serialized files now loaded: 0)
System memory in use before: 166.7 MB.
System memory in use after: 166.7 MB.

Unloading 84 unused Assets to reduce memory usage. Loaded Objects now: 2521.
Total: 2.112900 ms (FindLiveObjects: 0.182600 ms CreateObjectMapping: 0.046800 ms MarkObjects: 1.727200 ms  DeleteObjects: 0.155700 ms)

AssetImportParameters requested are different than current active one (requested -> active):
  custom:framework-win-MediaFoundation: 216162199b28c13a410421893ffa2e32 -> 
  custom:video-decoder-ogg-theora: a1e56fd34408186e4bbccfd4996cb3dc -> 
  custom:container-muxer-webm: aa71ff27fc2769a1b78a27578f13a17b -> 
  custom:container-demuxer-webm: 4f35f7cbe854078d1ac9338744f61a02 -> 
  custom:container-demuxer-ogg: 62fdf1f143b41e24485cea50d1cbac27 -> 
  custom:video-encoder-webm-vp8: eb34c28f22e8b96e1ab97ce403110664 -> 
  custom:video-decoder-webm-vp8: 9c59270c3fd7afecdb556c50c9e8de78 -> 
  custom:audio-decoder-ogg-vorbis: bf7c407c2cedff20999df2af8eb42d56 -> 
  custom:audio-encoder-webm-vorbis: bf7c407c2cedff20999df2af8eb42d56 -> 
========================================================================
Received Import Request.
  path: Assets/Shaderquest/Low Poly Free Pack/Meshes/Cages/Bars_Metal_06.FBX
  artifactKey: Guid(f7b3e86765b36c442a5d49d7ccb33413) Importer(815301076,1909f56bfc062723c751e8b465ee728b)
Start importing Assets/Shaderquest/Low Poly Free Pack/Meshes/Cages/Bars_Metal_06.FBX using Guid(f7b3e86765b36c442a5d49d7ccb33413) Importer(815301076,1909f56bfc062723c751e8b465ee728b)  -> (artifact id: '278dce1bf20cadceff38f0321f469219') in 0.091029 seconds 
  Import took 0.093931 seconds .

========================================================================
Received Import Request.
  Time since last request: 8.166733 seconds.
  path: Assets/Shaderquest/Low Poly Free Pack/Old Low Poly/Low Poly Altar Pack/Models/altar.FBX
  artifactKey: Guid(9f2f88bc070642249b867c3ea685aa21) Importer(815301076,1909f56bfc062723c751e8b465ee728b)
Start importing Assets/Shaderquest/Low Poly Free Pack/Old Low Poly/Low Poly Altar Pack/Models/altar.FBX using Guid(9f2f88bc070642249b867c3ea685aa21) Importer(815301076,1909f56bfc062723c751e8b465ee728b)  -> (artifact id: '9cb50e51327300d3904241375b3518f2') in 0.015824 seconds 
  Import took 0.018864 seconds .

========================================================================
Received Import Request.
  Time since last request: 0.000169 seconds.
  path: Assets/Shaderquest/Low Poly Free Pack/Old Low Poly/Low Poly Oasis Pack/Models/balloon.FBX
  artifactKey: Guid(97b9ee1efaf1de24182eb18e662b9b48) Importer(815301076,1909f56bfc062723c751e8b465ee728b)
Start importing Assets/Shaderquest/Low Poly Free Pack/Old Low Poly/Low Poly Oasis Pack/Models/balloon.FBX using Guid(97b9ee1efaf1de24182eb18e662b9b48) Importer(815301076,1909f56bfc062723c751e8b465ee728b)  -> (artifact id: 'd8088757d0ccc9a3abcdb480e6861d83') in 0.014606 seconds 
  Import took 0.017632 seconds .

========================================================================
Received Import Request.
  Time since last request: 0.000146 seconds.
  path: Assets/Shaderquest/Low Poly Free Pack/Old Low Poly/Low Poly Northern Land Pack/Models/axe.FBX
  artifactKey: Guid(63ce6de4aaffe0b4e81d8cd563ab7598) Importer(815301076,1909f56bfc062723c751e8b465ee728b)
Start importing Assets/Shaderquest/Low Poly Free Pack/Old Low Poly/Low Poly Northern Land Pack/Models/axe.FBX using Guid(63ce6de4aaffe0b4e81d8cd563ab7598) Importer(815301076,1909f56bfc062723c751e8b465ee728b)  -> (artifact id: 'ae3f228afe9f4bbfc2c06bba9769ea3a') in 0.010943 seconds 
  Import took 0.014098 seconds .

========================================================================
Received Import Request.
  Time since last request: 0.000164 seconds.
  path: Assets/Shaderquest/Low Poly Free Pack/Meshes/Misc/Asteroid_s_02.FBX
  artifactKey: Guid(9023989dedfd5e34393d1d574053b87f) Importer(815301076,1909f56bfc062723c751e8b465ee728b)
Start importing Assets/Shaderquest/Low Poly Free Pack/Meshes/Misc/Asteroid_s_02.FBX using Guid(9023989dedfd5e34393d1d574053b87f) Importer(815301076,1909f56bfc062723c751e8b465ee728b)  -> (artifact id: 'fe9cff6709455506633626be6bea484d') in 0.011962 seconds 
  Import took 0.015056 seconds .

========================================================================
Received Import Request.
  Time since last request: 0.000532 seconds.
  path: Assets/Shaderquest/Low Poly Free Pack/Meshes/Misc/Asteroid_s_03.FBX
  artifactKey: Guid(802109886e435ec4896bcea59e952e92) Importer(815301076,1909f56bfc062723c751e8b465ee728b)
Start importing Assets/Shaderquest/Low Poly Free Pack/Meshes/Misc/Asteroid_s_03.FBX using Guid(802109886e435ec4896bcea59e952e92) Importer(815301076,1909f56bfc062723c751e8b465ee728b)  -> (artifact id: '032aec648078024c8947e6c68f8f5da6') in 0.011479 seconds 
  Import took 0.014188 seconds .

========================================================================
Received Import Request.
  Time since last request: 0.000148 seconds.
  path: Assets/Shaderquest/Low Poly Free Pack/Old Low Poly/Low Poly Altar Pack/Models/altar.FBX
  artifactKey: Guid(9f2f88bc070642249b867c3ea685aa21) Importer(815301076,1909f56bfc062723c751e8b465ee728b)
Start importing Assets/Shaderquest/Low Poly Free Pack/Old Low Poly/Low Poly Altar Pack/Models/altar.FBX using Guid(9f2f88bc070642249b867c3ea685aa21) Importer(815301076,1909f56bfc062723c751e8b465ee728b)  -> (artifact id: '9cb50e51327300d3904241375b3518f2') in 0.012457 seconds 
  Import took 0.015528 seconds .

========================================================================
Received Import Request.
  Time since last request: 0.000140 seconds.
  path: Assets/Shaderquest/Low Poly Free Pack/Meshes/Misc/Asteroid_s_01.FBX
  artifactKey: Guid(8df16fff9cc8fdc4097fee6573ba8431) Importer(815301076,1909f56bfc062723c751e8b465ee728b)
Start importing Assets/Shaderquest/Low Poly Free Pack/Meshes/Misc/Asteroid_s_01.FBX using Guid(8df16fff9cc8fdc4097fee6573ba8431) Importer(815301076,1909f56bfc062723c751e8b465ee728b)  -> (artifact id: '62aaf9f9fe5a5c13fc32fd8b28615637') in 0.012136 seconds 
  Import took 0.015229 seconds .

========================================================================
Received Import Request.
  Time since last request: 7.495889 seconds.
  path: Assets/Shaderquest/Low Poly Free Pack/Prefabs/Cages/Bars_Metal_06.prefab
  artifactKey: Guid(5e0f684de1ef45f4a80674313d8ba168) Importer(815301076,1909f56bfc062723c751e8b465ee728b)
Start importing Assets/Shaderquest/Low Poly Free Pack/Prefabs/Cages/Bars_Metal_06.prefab using Guid(5e0f684de1ef45f4a80674313d8ba168) Importer(815301076,1909f56bfc062723c751e8b465ee728b)  -> (artifact id: 'e09e4564c2e84a0d7ebd9b6b92ae6d60') in 0.013017 seconds 
  Import took 0.016035 seconds .

========================================================================
Received Import Request.
  Time since last request: 233.150369 seconds.
  path: Assets/Shaderquest/Low Poly Free Pack/Docs
  artifactKey: Guid(93cd94068624fd848a11aabcb8072bc4) Importer(815301076,1909f56bfc062723c751e8b465ee728b)
Start importing Assets/Shaderquest/Low Poly Free Pack/Docs using Guid(93cd94068624fd848a11aabcb8072bc4) Importer(815301076,1909f56bfc062723c751e8b465ee728b)  -> (artifact id: '23523ee33244da03b8e90a4de1fe7525') in 0.005737 seconds 
  Import took 0.008867 seconds .

========================================================================
Received Prepare
Registering precompiled user dll's ...
Registered in 0.003280 seconds.
Begin MonoManager ReloadAssembly
Native extension for WindowsStandalone target not found
Native extension for WebGL target not found
Refreshing native plugins compatible for Editor in 0.55 ms, found 2 plugins.
Preloading 0 native plugins for Editor in 0.00 ms.
Warning: Annotation not found!
UnityEngine.StackTraceUtility:ExtractStackTrace ()
UnityEditor.ProBuilder.EditorUtility:SetGizmoIconEnabled (System.Type,bool) (at Library/PackageCache/com.unity.probuilder@4.5.0/Editor/EditorCore/EditorUtility.cs:593)
UnityEditor.ProBuilder.HierarchyListener:.cctor () (at Library/PackageCache/com.unity.probuilder@4.5.0/Editor/EditorCore/HierarchyListener.cs:21)
System.Runtime.CompilerServices.RuntimeHelpers:RunClassConstructor (System.RuntimeTypeHandle)
UnityEditor.EditorAssemblies:ProcessInitializeOnLoadAttributes (System.Type[])

[Library/PackageCache/com.unity.probuilder@4.5.0/Editor/EditorCore/EditorUtility.cs line 593]

Mono: successfully reloaded assembly
- Completed reload, in  0.771 seconds
Platform modules already initialized, skipping
Refreshing native plugins compatible for Editor in 0.61 ms, found 2 plugins.
Preloading 0 native plugins for Editor in 0.00 ms.
Unloading 2038 Unused Serialized files (Serialized files now loaded: 0)
System memory in use before: 166.0 MB.
System memory in use after: 166.0 MB.

Unloading 16 unused Assets to reduce memory usage. Loaded Objects now: 2533.
Total: 2.069300 ms (FindLiveObjects: 0.182600 ms CreateObjectMapping: 0.046200 ms MarkObjects: 1.759400 ms  DeleteObjects: 0.080300 ms)

AssetImportParameters requested are different than current active one (requested -> active):
  custom:framework-win-MediaFoundation: 216162199b28c13a410421893ffa2e32 -> 
  custom:video-decoder-ogg-theora: a1e56fd34408186e4bbccfd4996cb3dc -> 
  custom:container-muxer-webm: aa71ff27fc2769a1b78a27578f13a17b -> 
  custom:container-demuxer-webm: 4f35f7cbe854078d1ac9338744f61a02 -> 
  custom:container-demuxer-ogg: 62fdf1f143b41e24485cea50d1cbac27 -> 
  custom:video-encoder-webm-vp8: eb34c28f22e8b96e1ab97ce403110664 -> 
  custom:video-decoder-webm-vp8: 9c59270c3fd7afecdb556c50c9e8de78 -> 
  custom:audio-decoder-ogg-vorbis: bf7c407c2cedff20999df2af8eb42d56 -> 
  custom:audio-encoder-webm-vorbis: bf7c407c2cedff20999df2af8eb42d56 -> 
========================================================================
Received Import Request.
  Time since last request: 218.281335 seconds.
  path: Assets/Shaderquest/Low Poly Free Pack
  artifactKey: Guid(17d9f339fb60e7a4ea04b8ae315d8dab) Importer(815301076,1909f56bfc062723c751e8b465ee728b)
Start importing Assets/Shaderquest/Low Poly Free Pack using Guid(17d9f339fb60e7a4ea04b8ae315d8dab) Importer(815301076,1909f56bfc062723c751e8b465ee728b)  -> (artifact id: '4cfc20ec252983a5c1ecef5aa46e6572') in 0.008345 seconds 
  Import took 0.011318 seconds .

========================================================================
Received Prepare
Registering precompiled user dll's ...
Registered in 0.003432 seconds.
Begin MonoManager ReloadAssembly
Native extension for WindowsStandalone target not found
Native extension for WebGL target not found
Refreshing native plugins compatible for Editor in 0.54 ms, found 2 plugins.
Preloading 0 native plugins for Editor in 0.00 ms.
Warning: Annotation not found!
UnityEngine.StackTraceUtility:ExtractStackTrace ()
UnityEditor.ProBuilder.EditorUtility:SetGizmoIconEnabled (System.Type,bool) (at Library/PackageCache/com.unity.probuilder@4.5.0/Editor/EditorCore/EditorUtility.cs:593)
UnityEditor.ProBuilder.HierarchyListener:.cctor () (at Library/PackageCache/com.unity.probuilder@4.5.0/Editor/EditorCore/HierarchyListener.cs:21)
System.Runtime.CompilerServices.RuntimeHelpers:RunClassConstructor (System.RuntimeTypeHandle)
UnityEditor.EditorAssemblies:ProcessInitializeOnLoadAttributes (System.Type[])

[Library/PackageCache/com.unity.probuilder@4.5.0/Editor/EditorCore/EditorUtility.cs line 593]

Mono: successfully reloaded assembly
- Completed reload, in  0.775 seconds
Platform modules already initialized, skipping
Refreshing native plugins compatible for Editor in 0.56 ms, found 2 plugins.
Preloading 0 native plugins for Editor in 0.00 ms.
Unloading 2038 Unused Serialized files (Serialized files now loaded: 0)
System memory in use before: 166.0 MB.
System memory in use after: 166.1 MB.

Unloading 16 unused Assets to reduce memory usage. Loaded Objects now: 2535.
Total: 2.020400 ms (FindLiveObjects: 0.168400 ms CreateObjectMapping: 0.045300 ms MarkObjects: 1.723800 ms  DeleteObjects: 0.082100 ms)

AssetImportParameters requested are different than current active one (requested -> active):
  custom:framework-win-MediaFoundation: 216162199b28c13a410421893ffa2e32 -> 
  custom:video-decoder-ogg-theora: a1e56fd34408186e4bbccfd4996cb3dc -> 
  custom:container-muxer-webm: aa71ff27fc2769a1b78a27578f13a17b -> 
  custom:container-demuxer-webm: 4f35f7cbe854078d1ac9338744f61a02 -> 
  custom:container-demuxer-ogg: 62fdf1f143b41e24485cea50d1cbac27 -> 
  custom:video-encoder-webm-vp8: eb34c28f22e8b96e1ab97ce403110664 -> 
  custom:video-decoder-webm-vp8: 9c59270c3fd7afecdb556c50c9e8de78 -> 
  custom:audio-decoder-ogg-vorbis: bf7c407c2cedff20999df2af8eb42d56 -> 
  custom:audio-encoder-webm-vorbis: bf7c407c2cedff20999df2af8eb42d56 -> 
========================================================================
Received Prepare
Registering precompiled user dll's ...
Registered in 0.003516 seconds.
Begin MonoManager ReloadAssembly
Native extension for WindowsStandalone target not found
Native extension for WebGL target not found
Refreshing native plugins compatible for Editor in 0.57 ms, found 2 plugins.
Preloading 0 native plugins for Editor in 0.00 ms.
Warning: Annotation not found!
UnityEngine.StackTraceUtility:ExtractStackTrace ()
UnityEditor.ProBuilder.EditorUtility:SetGizmoIconEnabled (System.Type,bool) (at Library/PackageCache/com.unity.probuilder@4.5.0/Editor/EditorCore/EditorUtility.cs:593)
UnityEditor.ProBuilder.HierarchyListener:.cctor () (at Library/PackageCache/com.unity.probuilder@4.5.0/Editor/EditorCore/HierarchyListener.cs:21)
System.Runtime.CompilerServices.RuntimeHelpers:RunClassConstructor (System.RuntimeTypeHandle)
UnityEditor.EditorAssemblies:ProcessInitializeOnLoadAttributes (System.Type[])

[Library/PackageCache/com.unity.probuilder@4.5.0/Editor/EditorCore/EditorUtility.cs line 593]

Mono: successfully reloaded assembly
- Completed reload, in  0.814 seconds
Platform modules already initialized, skipping
Refreshing native plugins compatible for Editor in 0.68 ms, found 2 plugins.
Preloading 0 native plugins for Editor in 0.00 ms.
Unloading 2038 Unused Serialized files (Serialized files now loaded: 0)
System memory in use before: 166.0 MB.
System memory in use after: 166.1 MB.

Unloading 16 unused Assets to reduce memory usage. Loaded Objects now: 2537.
Total: 2.400000 ms (FindLiveObjects: 0.197700 ms CreateObjectMapping: 0.049200 ms MarkObjects: 2.062300 ms  DeleteObjects: 0.089700 ms)

AssetImportParameters requested are different than current active one (requested -> active):
  custom:framework-win-MediaFoundation: 216162199b28c13a410421893ffa2e32 -> 
  custom:video-decoder-ogg-theora: a1e56fd34408186e4bbccfd4996cb3dc -> 
  custom:container-muxer-webm: aa71ff27fc2769a1b78a27578f13a17b -> 
  custom:container-demuxer-webm: 4f35f7cbe854078d1ac9338744f61a02 -> 
  custom:container-demuxer-ogg: 62fdf1f143b41e24485cea50d1cbac27 -> 
  custom:video-encoder-webm-vp8: eb34c28f22e8b96e1ab97ce403110664 -> 
  custom:video-decoder-webm-vp8: 9c59270c3fd7afecdb556c50c9e8de78 -> 
  custom:audio-decoder-ogg-vorbis: bf7c407c2cedff20999df2af8eb42d56 -> 
  custom:audio-encoder-webm-vorbis: bf7c407c2cedff20999df2af8eb42d56 -> 
